{"/Users/warathep/Developer/MyProjects/JobTH_Implementation/server/auth-service/src/app/config/index.js": {"path":"/Users/warathep/Developer/MyProjects/JobTH_Implementation/server/auth-service/src/app/config/index.js","statementMap":{"0":{"start":{"line":3,"column":0},"end":{"line":3,"column":16}},"1":{"start":{"line":21,"column":4},"end":{"line":21,"column":15}}},"fnMap":{},"branchMap":{},"s":{"0":1,"1":1},"f":{},"b":{},"_coverageSchema":"1a1c01bbd47fc00a2c39e90264f33305004495a9","hash":"f41be8e86346d1a8e6e43a66a67f7617f0dd62d8"}
,"/Users/warathep/Developer/MyProjects/JobTH_Implementation/server/auth-service/src/app/controllers/auth.js": {"path":"/Users/warathep/Developer/MyProjects/JobTH_Implementation/server/auth-service/src/app/controllers/auth.js","statementMap":{"0":{"start":{"line":23,"column":26},"end":{"line":85,"column":1}},"1":{"start":{"line":24,"column":30},"end":{"line":24,"column":38}},"2":{"start":{"line":25,"column":2},"end":{"line":84,"column":3}},"3":{"start":{"line":26,"column":17},"end":{"line":26,"column":91}},"4":{"start":{"line":27,"column":4},"end":{"line":31,"column":5}},"5":{"start":{"line":28,"column":6},"end":{"line":30,"column":9}},"6":{"start":{"line":33,"column":27},"end":{"line":33,"column":71}},"7":{"start":{"line":34,"column":27},"end":{"line":34,"column":33}},"8":{"start":{"line":35,"column":30},"end":{"line":42,"column":5}},"9":{"start":{"line":44,"column":4},"end":{"line":61,"column":5}},"10":{"start":{"line":45,"column":19},"end":{"line":51,"column":7}},"11":{"start":{"line":52,"column":6},"end":{"line":52,"column":40}},"12":{"start":{"line":53,"column":11},"end":{"line":61,"column":5}},"13":{"start":{"line":54,"column":19},"end":{"line":59,"column":7}},"14":{"start":{"line":60,"column":6},"end":{"line":60,"column":54}},"15":{"start":{"line":63,"column":25},"end":{"line":68,"column":5}},"16":{"start":{"line":69,"column":4},"end":{"line":79,"column":5}},"17":{"start":{"line":70,"column":6},"end":{"line":70,"column":78}},"18":{"start":{"line":72,"column":6},"end":{"line":74,"column":9}},"19":{"start":{"line":76,"column":6},"end":{"line":78,"column":9}},"20":{"start":{"line":81,"column":4},"end":{"line":83,"column":7}},"21":{"start":{"line":87,"column":24},"end":{"line":160,"column":1}},"22":{"start":{"line":88,"column":52},"end":{"line":88,"column":60}},"23":{"start":{"line":89,"column":2},"end":{"line":159,"column":3}},"24":{"start":{"line":90,"column":20},"end":{"line":90,"column":92}},"25":{"start":{"line":91,"column":4},"end":{"line":95,"column":5}},"26":{"start":{"line":92,"column":6},"end":{"line":94,"column":9}},"27":{"start":{"line":97,"column":30},"end":{"line":97,"column":95}},"28":{"start":{"line":98,"column":4},"end":{"line":102,"column":5}},"29":{"start":{"line":99,"column":6},"end":{"line":101,"column":9}},"30":{"start":{"line":104,"column":27},"end":{"line":104,"column":71}},"31":{"start":{"line":105,"column":27},"end":{"line":105,"column":33}},"32":{"start":{"line":106,"column":30},"end":{"line":113,"column":5}},"33":{"start":{"line":115,"column":4},"end":{"line":126,"column":5}},"34":{"start":{"line":116,"column":19},"end":{"line":124,"column":7}},"35":{"start":{"line":125,"column":6},"end":{"line":125,"column":52}},"36":{"start":{"line":128,"column":25},"end":{"line":133,"column":5}},"37":{"start":{"line":134,"column":4},"end":{"line":154,"column":5}},"38":{"start":{"line":135,"column":6},"end":{"line":135,"column":84}},"39":{"start":{"line":136,"column":6},"end":{"line":146,"column":7}},"40":{"start":{"line":137,"column":8},"end":{"line":145,"column":11}},"41":{"start":{"line":147,"column":6},"end":{"line":149,"column":9}},"42":{"start":{"line":151,"column":6},"end":{"line":153,"column":9}},"43":{"start":{"line":156,"column":4},"end":{"line":158,"column":7}},"44":{"start":{"line":162,"column":23},"end":{"line":194,"column":1}},"45":{"start":{"line":163,"column":30},"end":{"line":163,"column":38}},"46":{"start":{"line":164,"column":2},"end":{"line":193,"column":3}},"47":{"start":{"line":165,"column":17},"end":{"line":165,"column":94}},"48":{"start":{"line":167,"column":4},"end":{"line":171,"column":5}},"49":{"start":{"line":168,"column":6},"end":{"line":170,"column":9}},"50":{"start":{"line":173,"column":28},"end":{"line":173,"column":90}},"51":{"start":{"line":174,"column":4},"end":{"line":178,"column":5}},"52":{"start":{"line":175,"column":6},"end":{"line":177,"column":9}},"53":{"start":{"line":180,"column":22},"end":{"line":183,"column":5}},"54":{"start":{"line":184,"column":18},"end":{"line":184,"column":101}},"55":{"start":{"line":185,"column":4},"end":{"line":188,"column":7}},"56":{"start":{"line":190,"column":4},"end":{"line":192,"column":7}},"57":{"start":{"line":196,"column":21},"end":{"line":228,"column":1}},"58":{"start":{"line":197,"column":30},"end":{"line":197,"column":38}},"59":{"start":{"line":198,"column":2},"end":{"line":227,"column":3}},"60":{"start":{"line":199,"column":20},"end":{"line":199,"column":95}},"61":{"start":{"line":201,"column":4},"end":{"line":205,"column":5}},"62":{"start":{"line":202,"column":6},"end":{"line":204,"column":9}},"63":{"start":{"line":207,"column":28},"end":{"line":207,"column":93}},"64":{"start":{"line":208,"column":4},"end":{"line":212,"column":5}},"65":{"start":{"line":209,"column":6},"end":{"line":211,"column":9}},"66":{"start":{"line":214,"column":22},"end":{"line":217,"column":5}},"67":{"start":{"line":218,"column":18},"end":{"line":218,"column":101}},"68":{"start":{"line":219,"column":4},"end":{"line":222,"column":7}},"69":{"start":{"line":224,"column":4},"end":{"line":226,"column":7}},"70":{"start":{"line":230,"column":31},"end":{"line":282,"column":1}},"71":{"start":{"line":231,"column":20},"end":{"line":231,"column":28}},"72":{"start":{"line":232,"column":2},"end":{"line":281,"column":3}},"73":{"start":{"line":233,"column":37},"end":{"line":233,"column":93}},"74":{"start":{"line":235,"column":4},"end":{"line":239,"column":5}},"75":{"start":{"line":236,"column":6},"end":{"line":238,"column":9}},"76":{"start":{"line":240,"column":17},"end":{"line":240,"column":84}},"77":{"start":{"line":241,"column":4},"end":{"line":245,"column":5}},"78":{"start":{"line":242,"column":6},"end":{"line":244,"column":9}},"79":{"start":{"line":246,"column":4},"end":{"line":273,"column":5}},"80":{"start":{"line":247,"column":35},"end":{"line":247,"column":93}},"81":{"start":{"line":249,"column":6},"end":{"line":266,"column":7}},"82":{"start":{"line":250,"column":8},"end":{"line":262,"column":9}},"83":{"start":{"line":251,"column":10},"end":{"line":261,"column":11}},"84":{"start":{"line":252,"column":12},"end":{"line":255,"column":15}},"85":{"start":{"line":256,"column":17},"end":{"line":261,"column":11}},"86":{"start":{"line":257,"column":12},"end":{"line":260,"column":15}},"87":{"start":{"line":263,"column":8},"end":{"line":265,"column":11}},"88":{"start":{"line":267,"column":6},"end":{"line":267,"column":29}},"89":{"start":{"line":268,"column":6},"end":{"line":268,"column":34}},"90":{"start":{"line":269,"column":6},"end":{"line":269,"column":35}},"91":{"start":{"line":270,"column":6},"end":{"line":270,"column":24}},"92":{"start":{"line":272,"column":6},"end":{"line":272,"column":25}},"93":{"start":{"line":274,"column":4},"end":{"line":276,"column":7}},"94":{"start":{"line":278,"column":4},"end":{"line":280,"column":7}},"95":{"start":{"line":284,"column":29},"end":{"line":342,"column":1}},"96":{"start":{"line":285,"column":20},"end":{"line":285,"column":28}},"97":{"start":{"line":286,"column":2},"end":{"line":341,"column":3}},"98":{"start":{"line":287,"column":37},"end":{"line":287,"column":93}},"99":{"start":{"line":288,"column":4},"end":{"line":292,"column":5}},"100":{"start":{"line":289,"column":6},"end":{"line":291,"column":9}},"101":{"start":{"line":293,"column":20},"end":{"line":293,"column":85}},"102":{"start":{"line":294,"column":4},"end":{"line":298,"column":5}},"103":{"start":{"line":295,"column":6},"end":{"line":297,"column":9}},"104":{"start":{"line":300,"column":4},"end":{"line":333,"column":5}},"105":{"start":{"line":301,"column":35},"end":{"line":301,"column":94}},"106":{"start":{"line":302,"column":6},"end":{"line":324,"column":7}},"107":{"start":{"line":303,"column":8},"end":{"line":320,"column":9}},"108":{"start":{"line":304,"column":10},"end":{"line":319,"column":11}},"109":{"start":{"line":305,"column":12},"end":{"line":308,"column":15}},"110":{"start":{"line":309,"column":17},"end":{"line":319,"column":11}},"111":{"start":{"line":310,"column":12},"end":{"line":313,"column":15}},"112":{"start":{"line":314,"column":17},"end":{"line":319,"column":11}},"113":{"start":{"line":315,"column":12},"end":{"line":318,"column":15}},"114":{"start":{"line":321,"column":8},"end":{"line":323,"column":11}},"115":{"start":{"line":326,"column":6},"end":{"line":326,"column":32}},"116":{"start":{"line":327,"column":6},"end":{"line":327,"column":37}},"117":{"start":{"line":328,"column":6},"end":{"line":328,"column":38}},"118":{"start":{"line":329,"column":6},"end":{"line":329,"column":27}},"119":{"start":{"line":330,"column":6},"end":{"line":330,"column":93}},"120":{"start":{"line":332,"column":6},"end":{"line":332,"column":25}},"121":{"start":{"line":334,"column":4},"end":{"line":336,"column":7}},"122":{"start":{"line":338,"column":4},"end":{"line":340,"column":7}},"123":{"start":{"line":344,"column":27},"end":{"line":385,"column":1}},"124":{"start":{"line":345,"column":20},"end":{"line":345,"column":28}},"125":{"start":{"line":346,"column":2},"end":{"line":384,"column":3}},"126":{"start":{"line":347,"column":17},"end":{"line":347,"column":94}},"127":{"start":{"line":348,"column":4},"end":{"line":352,"column":5}},"128":{"start":{"line":349,"column":6},"end":{"line":351,"column":9}},"129":{"start":{"line":353,"column":28},"end":{"line":353,"column":34}},"130":{"start":{"line":354,"column":18},"end":{"line":358,"column":5}},"131":{"start":{"line":360,"column":25},"end":{"line":365,"column":3}},"132":{"start":{"line":366,"column":4},"end":{"line":379,"column":5}},"133":{"start":{"line":367,"column":6},"end":{"line":367,"column":80}},"134":{"start":{"line":369,"column":6},"end":{"line":369,"column":45}},"135":{"start":{"line":370,"column":6},"end":{"line":370,"column":24}},"136":{"start":{"line":372,"column":6},"end":{"line":374,"column":9}},"137":{"start":{"line":376,"column":6},"end":{"line":378,"column":9}},"138":{"start":{"line":381,"column":4},"end":{"line":383,"column":7}},"139":{"start":{"line":387,"column":25},"end":{"line":428,"column":1}},"140":{"start":{"line":388,"column":20},"end":{"line":388,"column":28}},"141":{"start":{"line":389,"column":2},"end":{"line":427,"column":3}},"142":{"start":{"line":390,"column":20},"end":{"line":390,"column":95}},"143":{"start":{"line":391,"column":4},"end":{"line":395,"column":5}},"144":{"start":{"line":392,"column":6},"end":{"line":394,"column":9}},"145":{"start":{"line":396,"column":28},"end":{"line":396,"column":34}},"146":{"start":{"line":397,"column":18},"end":{"line":401,"column":5}},"147":{"start":{"line":403,"column":25},"end":{"line":408,"column":3}},"148":{"start":{"line":409,"column":4},"end":{"line":422,"column":5}},"149":{"start":{"line":410,"column":6},"end":{"line":410,"column":80}},"150":{"start":{"line":412,"column":6},"end":{"line":412,"column":48}},"151":{"start":{"line":413,"column":6},"end":{"line":413,"column":27}},"152":{"start":{"line":415,"column":6},"end":{"line":417,"column":9}},"153":{"start":{"line":419,"column":6},"end":{"line":421,"column":9}},"154":{"start":{"line":424,"column":4},"end":{"line":426,"column":7}},"155":{"start":{"line":430,"column":31},"end":{"line":464,"column":1}},"156":{"start":{"line":431,"column":30},"end":{"line":431,"column":38}},"157":{"start":{"line":432,"column":2},"end":{"line":463,"column":3}},"158":{"start":{"line":433,"column":38},"end":{"line":433,"column":90}},"159":{"start":{"line":434,"column":4},"end":{"line":438,"column":5}},"160":{"start":{"line":435,"column":6},"end":{"line":437,"column":9}},"161":{"start":{"line":440,"column":17},"end":{"line":443,"column":5}},"162":{"start":{"line":444,"column":4},"end":{"line":448,"column":5}},"163":{"start":{"line":445,"column":6},"end":{"line":447,"column":9}},"164":{"start":{"line":450,"column":30},"end":{"line":450,"column":74}},"165":{"start":{"line":452,"column":4},"end":{"line":452,"column":38}},"166":{"start":{"line":453,"column":4},"end":{"line":453,"column":32}},"167":{"start":{"line":454,"column":4},"end":{"line":454,"column":22}},"168":{"start":{"line":456,"column":4},"end":{"line":458,"column":7}},"169":{"start":{"line":460,"column":4},"end":{"line":462,"column":7}},"170":{"start":{"line":466,"column":29},"end":{"line":500,"column":1}},"171":{"start":{"line":467,"column":30},"end":{"line":467,"column":38}},"172":{"start":{"line":468,"column":2},"end":{"line":499,"column":3}},"173":{"start":{"line":469,"column":38},"end":{"line":469,"column":90}},"174":{"start":{"line":470,"column":4},"end":{"line":474,"column":5}},"175":{"start":{"line":471,"column":6},"end":{"line":473,"column":9}},"176":{"start":{"line":476,"column":20},"end":{"line":479,"column":5}},"177":{"start":{"line":480,"column":4},"end":{"line":484,"column":5}},"178":{"start":{"line":481,"column":6},"end":{"line":483,"column":9}},"179":{"start":{"line":486,"column":30},"end":{"line":486,"column":74}},"180":{"start":{"line":488,"column":4},"end":{"line":488,"column":41}},"181":{"start":{"line":489,"column":4},"end":{"line":489,"column":35}},"182":{"start":{"line":490,"column":4},"end":{"line":490,"column":25}},"183":{"start":{"line":492,"column":4},"end":{"line":494,"column":7}},"184":{"start":{"line":496,"column":4},"end":{"line":498,"column":7}},"185":{"start":{"line":502,"column":32},"end":{"line":525,"column":1}},"186":{"start":{"line":503,"column":21},"end":{"line":503,"column":29}},"187":{"start":{"line":504,"column":39},"end":{"line":504,"column":47}},"188":{"start":{"line":505,"column":2},"end":{"line":524,"column":3}},"189":{"start":{"line":506,"column":17},"end":{"line":506,"column":82}},"190":{"start":{"line":507,"column":20},"end":{"line":507,"column":85}},"191":{"start":{"line":508,"column":4},"end":{"line":512,"column":5}},"192":{"start":{"line":509,"column":6},"end":{"line":511,"column":9}},"193":{"start":{"line":513,"column":30},"end":{"line":513,"column":77}},"194":{"start":{"line":514,"column":4},"end":{"line":514,"column":38}},"195":{"start":{"line":515,"column":4},"end":{"line":515,"column":22}},"196":{"start":{"line":517,"column":4},"end":{"line":519,"column":7}},"197":{"start":{"line":521,"column":4},"end":{"line":523,"column":7}},"198":{"start":{"line":527,"column":30},"end":{"line":550,"column":1}},"199":{"start":{"line":528,"column":21},"end":{"line":528,"column":29}},"200":{"start":{"line":529,"column":39},"end":{"line":529,"column":47}},"201":{"start":{"line":530,"column":2},"end":{"line":549,"column":3}},"202":{"start":{"line":531,"column":20},"end":{"line":531,"column":83}},"203":{"start":{"line":532,"column":20},"end":{"line":532,"column":88}},"204":{"start":{"line":533,"column":4},"end":{"line":537,"column":5}},"205":{"start":{"line":534,"column":6},"end":{"line":536,"column":9}},"206":{"start":{"line":538,"column":30},"end":{"line":538,"column":77}},"207":{"start":{"line":539,"column":4},"end":{"line":539,"column":41}},"208":{"start":{"line":540,"column":4},"end":{"line":540,"column":25}},"209":{"start":{"line":542,"column":4},"end":{"line":544,"column":7}},"210":{"start":{"line":546,"column":4},"end":{"line":548,"column":7}},"211":{"start":{"line":552,"column":29},"end":{"line":558,"column":1}},"212":{"start":{"line":553,"column":27},"end":{"line":553,"column":35}},"213":{"start":{"line":554,"column":2},"end":{"line":557,"column":5}}},"fnMap":{"0":{"name":"(anonymous_0)","decl":{"start":{"line":23,"column":26},"end":{"line":23,"column":27}},"loc":{"start":{"line":23,"column":46},"end":{"line":85,"column":1}},"line":23},"1":{"name":"(anonymous_1)","decl":{"start":{"line":87,"column":24},"end":{"line":87,"column":25}},"loc":{"start":{"line":87,"column":44},"end":{"line":160,"column":1}},"line":87},"2":{"name":"(anonymous_2)","decl":{"start":{"line":162,"column":23},"end":{"line":162,"column":24}},"loc":{"start":{"line":162,"column":43},"end":{"line":194,"column":1}},"line":162},"3":{"name":"(anonymous_3)","decl":{"start":{"line":196,"column":21},"end":{"line":196,"column":22}},"loc":{"start":{"line":196,"column":41},"end":{"line":228,"column":1}},"line":196},"4":{"name":"(anonymous_4)","decl":{"start":{"line":230,"column":31},"end":{"line":230,"column":32}},"loc":{"start":{"line":230,"column":51},"end":{"line":282,"column":1}},"line":230},"5":{"name":"(anonymous_5)","decl":{"start":{"line":284,"column":29},"end":{"line":284,"column":30}},"loc":{"start":{"line":284,"column":49},"end":{"line":342,"column":1}},"line":284},"6":{"name":"(anonymous_6)","decl":{"start":{"line":344,"column":27},"end":{"line":344,"column":28}},"loc":{"start":{"line":344,"column":47},"end":{"line":385,"column":1}},"line":344},"7":{"name":"(anonymous_7)","decl":{"start":{"line":387,"column":25},"end":{"line":387,"column":26}},"loc":{"start":{"line":387,"column":45},"end":{"line":428,"column":1}},"line":387},"8":{"name":"(anonymous_8)","decl":{"start":{"line":430,"column":31},"end":{"line":430,"column":32}},"loc":{"start":{"line":430,"column":51},"end":{"line":464,"column":1}},"line":430},"9":{"name":"(anonymous_9)","decl":{"start":{"line":466,"column":29},"end":{"line":466,"column":30}},"loc":{"start":{"line":466,"column":49},"end":{"line":500,"column":1}},"line":466},"10":{"name":"(anonymous_10)","decl":{"start":{"line":502,"column":32},"end":{"line":502,"column":33}},"loc":{"start":{"line":502,"column":52},"end":{"line":525,"column":1}},"line":502},"11":{"name":"(anonymous_11)","decl":{"start":{"line":527,"column":30},"end":{"line":527,"column":31}},"loc":{"start":{"line":527,"column":50},"end":{"line":550,"column":1}},"line":527},"12":{"name":"(anonymous_12)","decl":{"start":{"line":552,"column":29},"end":{"line":552,"column":30}},"loc":{"start":{"line":552,"column":43},"end":{"line":558,"column":1}},"line":552}},"branchMap":{"0":{"loc":{"start":{"line":27,"column":4},"end":{"line":31,"column":5}},"type":"if","locations":[{"start":{"line":27,"column":4},"end":{"line":31,"column":5}},{"start":{},"end":{}}],"line":27},"1":{"loc":{"start":{"line":27,"column":8},"end":{"line":27,"column":31}},"type":"binary-expr","locations":[{"start":{"line":27,"column":8},"end":{"line":27,"column":12}},{"start":{"line":27,"column":16},"end":{"line":27,"column":31}}],"line":27},"2":{"loc":{"start":{"line":44,"column":4},"end":{"line":61,"column":5}},"type":"if","locations":[{"start":{"line":44,"column":4},"end":{"line":61,"column":5}},{"start":{"line":53,"column":11},"end":{"line":61,"column":5}}],"line":44},"3":{"loc":{"start":{"line":53,"column":11},"end":{"line":61,"column":5}},"type":"if","locations":[{"start":{"line":53,"column":11},"end":{"line":61,"column":5}},{"start":{},"end":{}}],"line":53},"4":{"loc":{"start":{"line":91,"column":4},"end":{"line":95,"column":5}},"type":"if","locations":[{"start":{"line":91,"column":4},"end":{"line":95,"column":5}},{"start":{},"end":{}}],"line":91},"5":{"loc":{"start":{"line":91,"column":8},"end":{"line":91,"column":37}},"type":"binary-expr","locations":[{"start":{"line":91,"column":8},"end":{"line":91,"column":15}},{"start":{"line":91,"column":19},"end":{"line":91,"column":37}}],"line":91},"6":{"loc":{"start":{"line":98,"column":4},"end":{"line":102,"column":5}},"type":"if","locations":[{"start":{"line":98,"column":4},"end":{"line":102,"column":5}},{"start":{},"end":{}}],"line":98},"7":{"loc":{"start":{"line":98,"column":8},"end":{"line":98,"column":57}},"type":"binary-expr","locations":[{"start":{"line":98,"column":8},"end":{"line":98,"column":25}},{"start":{"line":98,"column":29},"end":{"line":98,"column":57}}],"line":98},"8":{"loc":{"start":{"line":115,"column":4},"end":{"line":126,"column":5}},"type":"if","locations":[{"start":{"line":115,"column":4},"end":{"line":126,"column":5}},{"start":{},"end":{}}],"line":115},"9":{"loc":{"start":{"line":115,"column":8},"end":{"line":115,"column":38}},"type":"binary-expr","locations":[{"start":{"line":115,"column":8},"end":{"line":115,"column":15}},{"start":{"line":115,"column":19},"end":{"line":115,"column":38}}],"line":115},"10":{"loc":{"start":{"line":136,"column":6},"end":{"line":146,"column":7}},"type":"if","locations":[{"start":{"line":136,"column":6},"end":{"line":146,"column":7}},{"start":{},"end":{}}],"line":136},"11":{"loc":{"start":{"line":167,"column":4},"end":{"line":171,"column":5}},"type":"if","locations":[{"start":{"line":167,"column":4},"end":{"line":171,"column":5}},{"start":{},"end":{}}],"line":167},"12":{"loc":{"start":{"line":174,"column":4},"end":{"line":178,"column":5}},"type":"if","locations":[{"start":{"line":174,"column":4},"end":{"line":178,"column":5}},{"start":{},"end":{}}],"line":174},"13":{"loc":{"start":{"line":201,"column":4},"end":{"line":205,"column":5}},"type":"if","locations":[{"start":{"line":201,"column":4},"end":{"line":205,"column":5}},{"start":{},"end":{}}],"line":201},"14":{"loc":{"start":{"line":208,"column":4},"end":{"line":212,"column":5}},"type":"if","locations":[{"start":{"line":208,"column":4},"end":{"line":212,"column":5}},{"start":{},"end":{}}],"line":208},"15":{"loc":{"start":{"line":235,"column":4},"end":{"line":239,"column":5}},"type":"if","locations":[{"start":{"line":235,"column":4},"end":{"line":239,"column":5}},{"start":{},"end":{}}],"line":235},"16":{"loc":{"start":{"line":241,"column":4},"end":{"line":245,"column":5}},"type":"if","locations":[{"start":{"line":241,"column":4},"end":{"line":245,"column":5}},{"start":{},"end":{}}],"line":241},"17":{"loc":{"start":{"line":249,"column":6},"end":{"line":266,"column":7}},"type":"if","locations":[{"start":{"line":249,"column":6},"end":{"line":266,"column":7}},{"start":{},"end":{}}],"line":249},"18":{"loc":{"start":{"line":251,"column":10},"end":{"line":261,"column":11}},"type":"if","locations":[{"start":{"line":251,"column":10},"end":{"line":261,"column":11}},{"start":{"line":256,"column":17},"end":{"line":261,"column":11}}],"line":251},"19":{"loc":{"start":{"line":256,"column":17},"end":{"line":261,"column":11}},"type":"if","locations":[{"start":{"line":256,"column":17},"end":{"line":261,"column":11}},{"start":{},"end":{}}],"line":256},"20":{"loc":{"start":{"line":288,"column":4},"end":{"line":292,"column":5}},"type":"if","locations":[{"start":{"line":288,"column":4},"end":{"line":292,"column":5}},{"start":{},"end":{}}],"line":288},"21":{"loc":{"start":{"line":294,"column":4},"end":{"line":298,"column":5}},"type":"if","locations":[{"start":{"line":294,"column":4},"end":{"line":298,"column":5}},{"start":{},"end":{}}],"line":294},"22":{"loc":{"start":{"line":302,"column":6},"end":{"line":324,"column":7}},"type":"if","locations":[{"start":{"line":302,"column":6},"end":{"line":324,"column":7}},{"start":{},"end":{}}],"line":302},"23":{"loc":{"start":{"line":304,"column":10},"end":{"line":319,"column":11}},"type":"if","locations":[{"start":{"line":304,"column":10},"end":{"line":319,"column":11}},{"start":{"line":309,"column":17},"end":{"line":319,"column":11}}],"line":304},"24":{"loc":{"start":{"line":309,"column":17},"end":{"line":319,"column":11}},"type":"if","locations":[{"start":{"line":309,"column":17},"end":{"line":319,"column":11}},{"start":{"line":314,"column":17},"end":{"line":319,"column":11}}],"line":309},"25":{"loc":{"start":{"line":314,"column":17},"end":{"line":319,"column":11}},"type":"if","locations":[{"start":{"line":314,"column":17},"end":{"line":319,"column":11}},{"start":{},"end":{}}],"line":314},"26":{"loc":{"start":{"line":348,"column":4},"end":{"line":352,"column":5}},"type":"if","locations":[{"start":{"line":348,"column":4},"end":{"line":352,"column":5}},{"start":{},"end":{}}],"line":348},"27":{"loc":{"start":{"line":391,"column":4},"end":{"line":395,"column":5}},"type":"if","locations":[{"start":{"line":391,"column":4},"end":{"line":395,"column":5}},{"start":{},"end":{}}],"line":391},"28":{"loc":{"start":{"line":434,"column":4},"end":{"line":438,"column":5}},"type":"if","locations":[{"start":{"line":434,"column":4},"end":{"line":438,"column":5}},{"start":{},"end":{}}],"line":434},"29":{"loc":{"start":{"line":444,"column":4},"end":{"line":448,"column":5}},"type":"if","locations":[{"start":{"line":444,"column":4},"end":{"line":448,"column":5}},{"start":{},"end":{}}],"line":444},"30":{"loc":{"start":{"line":470,"column":4},"end":{"line":474,"column":5}},"type":"if","locations":[{"start":{"line":470,"column":4},"end":{"line":474,"column":5}},{"start":{},"end":{}}],"line":470},"31":{"loc":{"start":{"line":480,"column":4},"end":{"line":484,"column":5}},"type":"if","locations":[{"start":{"line":480,"column":4},"end":{"line":484,"column":5}},{"start":{},"end":{}}],"line":480},"32":{"loc":{"start":{"line":508,"column":4},"end":{"line":512,"column":5}},"type":"if","locations":[{"start":{"line":508,"column":4},"end":{"line":512,"column":5}},{"start":{},"end":{}}],"line":508},"33":{"loc":{"start":{"line":533,"column":4},"end":{"line":537,"column":5}},"type":"if","locations":[{"start":{"line":533,"column":4},"end":{"line":537,"column":5}},{"start":{},"end":{}}],"line":533}},"s":{"0":1,"1":6,"2":6,"3":6,"4":6,"5":1,"6":5,"7":4,"8":4,"9":4,"10":2,"11":2,"12":2,"13":2,"14":2,"15":4,"16":4,"17":4,"18":2,"19":2,"20":1,"21":1,"22":7,"23":7,"24":7,"25":7,"26":1,"27":6,"28":6,"29":1,"30":5,"31":4,"32":4,"33":4,"34":2,"35":2,"36":4,"37":4,"38":4,"39":2,"40":1,"41":2,"42":2,"43":1,"44":1,"45":4,"46":4,"47":4,"48":3,"49":1,"50":2,"51":2,"52":1,"53":1,"54":1,"55":1,"56":1,"57":1,"58":4,"59":4,"60":4,"61":3,"62":1,"63":2,"64":2,"65":1,"66":1,"67":1,"68":1,"69":1,"70":1,"71":7,"72":7,"73":7,"74":6,"75":1,"76":5,"77":5,"78":1,"79":4,"80":4,"81":3,"82":2,"83":3,"84":2,"85":1,"86":1,"87":2,"88":1,"89":1,"90":1,"91":1,"92":1,"93":1,"94":2,"95":1,"96":8,"97":8,"98":8,"99":7,"100":1,"101":6,"102":6,"103":1,"104":5,"105":5,"106":4,"107":3,"108":6,"109":3,"110":3,"111":2,"112":1,"113":1,"114":3,"115":1,"116":1,"117":1,"118":1,"119":1,"120":1,"121":1,"122":2,"123":1,"124":4,"125":4,"126":4,"127":3,"128":1,"129":2,"130":2,"131":2,"132":2,"133":2,"134":1,"135":1,"136":1,"137":1,"138":1,"139":1,"140":4,"141":4,"142":4,"143":3,"144":1,"145":2,"146":2,"147":2,"148":2,"149":2,"150":1,"151":1,"152":1,"153":1,"154":1,"155":1,"156":4,"157":4,"158":4,"159":3,"160":1,"161":2,"162":2,"163":1,"164":1,"165":1,"166":1,"167":1,"168":1,"169":1,"170":1,"171":4,"172":4,"173":4,"174":3,"175":1,"176":2,"177":2,"178":1,"179":1,"180":1,"181":1,"182":1,"183":1,"184":1,"185":1,"186":3,"187":3,"188":3,"189":3,"190":3,"191":2,"192":1,"193":1,"194":1,"195":1,"196":1,"197":1,"198":1,"199":3,"200":3,"201":3,"202":3,"203":3,"204":2,"205":1,"206":1,"207":1,"208":1,"209":1,"210":1,"211":1,"212":1,"213":1},"f":{"0":6,"1":7,"2":4,"3":4,"4":7,"5":8,"6":4,"7":4,"8":4,"9":4,"10":3,"11":3,"12":1},"b":{"0":[1,5],"1":[6,4],"2":[2,2],"3":[2,0],"4":[1,6],"5":[7,5],"6":[1,5],"7":[6,1],"8":[2,2],"9":[4,2],"10":[1,1],"11":[1,2],"12":[1,1],"13":[1,2],"14":[1,1],"15":[1,5],"16":[1,4],"17":[2,1],"18":[2,1],"19":[1,0],"20":[1,6],"21":[1,5],"22":[3,1],"23":[3,3],"24":[2,1],"25":[1,0],"26":[1,2],"27":[1,2],"28":[1,2],"29":[1,1],"30":[1,2],"31":[1,1],"32":[1,1],"33":[1,1]},"_coverageSchema":"1a1c01bbd47fc00a2c39e90264f33305004495a9","hash":"b506b0e08c5252c91267485cf7eb90c6e5f5875d"}
,"/Users/warathep/Developer/MyProjects/JobTH_Implementation/server/auth-service/src/app/libs/authorization.js": {"path":"/Users/warathep/Developer/MyProjects/JobTH_Implementation/server/auth-service/src/app/libs/authorization.js","statementMap":{"0":{"start":{"line":3,"column":22},"end":{"line":21,"column":1}},"1":{"start":{"line":4,"column":2},"end":{"line":20,"column":3}},"2":{"start":{"line":5,"column":29},"end":{"line":5,"column":40}},"3":{"start":{"line":6,"column":4},"end":{"line":10,"column":5}},"4":{"start":{"line":7,"column":6},"end":{"line":9,"column":9}},"5":{"start":{"line":11,"column":4},"end":{"line":14,"column":6}},"6":{"start":{"line":15,"column":4},"end":{"line":15,"column":11}},"7":{"start":{"line":17,"column":4},"end":{"line":19,"column":7}},"8":{"start":{"line":23,"column":24},"end":{"line":42,"column":1}},"9":{"start":{"line":24,"column":2},"end":{"line":41,"column":3}},"10":{"start":{"line":25,"column":29},"end":{"line":25,"column":40}},"11":{"start":{"line":27,"column":4},"end":{"line":31,"column":5}},"12":{"start":{"line":28,"column":6},"end":{"line":30,"column":9}},"13":{"start":{"line":32,"column":4},"end":{"line":35,"column":6}},"14":{"start":{"line":36,"column":4},"end":{"line":36,"column":11}},"15":{"start":{"line":38,"column":4},"end":{"line":40,"column":7}},"16":{"start":{"line":44,"column":22},"end":{"line":57,"column":1}},"17":{"start":{"line":45,"column":2},"end":{"line":56,"column":3}},"18":{"start":{"line":46,"column":29},"end":{"line":46,"column":40}},"19":{"start":{"line":47,"column":4},"end":{"line":50,"column":6}},"20":{"start":{"line":51,"column":4},"end":{"line":51,"column":11}},"21":{"start":{"line":53,"column":4},"end":{"line":55,"column":7}}},"fnMap":{"0":{"name":"(anonymous_0)","decl":{"start":{"line":3,"column":22},"end":{"line":3,"column":23}},"loc":{"start":{"line":3,"column":42},"end":{"line":21,"column":1}},"line":3},"1":{"name":"(anonymous_1)","decl":{"start":{"line":23,"column":24},"end":{"line":23,"column":25}},"loc":{"start":{"line":23,"column":44},"end":{"line":42,"column":1}},"line":23},"2":{"name":"(anonymous_2)","decl":{"start":{"line":44,"column":22},"end":{"line":44,"column":23}},"loc":{"start":{"line":44,"column":42},"end":{"line":57,"column":1}},"line":44}},"branchMap":{"0":{"loc":{"start":{"line":6,"column":4},"end":{"line":10,"column":5}},"type":"if","locations":[{"start":{"line":6,"column":4},"end":{"line":10,"column":5}},{"start":{},"end":{}}],"line":6},"1":{"loc":{"start":{"line":27,"column":4},"end":{"line":31,"column":5}},"type":"if","locations":[{"start":{"line":27,"column":4},"end":{"line":31,"column":5}},{"start":{},"end":{}}],"line":27}},"s":{"0":1,"1":3,"2":3,"3":3,"4":1,"5":2,"6":2,"7":1,"8":1,"9":2,"10":2,"11":2,"12":1,"13":1,"14":1,"15":1,"16":1,"17":2,"18":2,"19":2,"20":2,"21":1},"f":{"0":3,"1":2,"2":2},"b":{"0":[1,2],"1":[1,1]},"_coverageSchema":"1a1c01bbd47fc00a2c39e90264f33305004495a9","hash":"f67e8760655e302d7b8233dd78cc78290e71b944"}
,"/Users/warathep/Developer/MyProjects/JobTH_Implementation/server/auth-service/src/app/libs/getServiceVerificationToken.js": {"path":"/Users/warathep/Developer/MyProjects/JobTH_Implementation/server/auth-service/src/app/libs/getServiceVerificationToken.js","statementMap":{"0":{"start":{"line":3,"column":26},"end":{"line":3,"column":56}},"1":{"start":{"line":5,"column":40},"end":{"line":7,"column":1}},"2":{"start":{"line":6,"column":2},"end":{"line":6,"column":38}}},"fnMap":{"0":{"name":"(anonymous_0)","decl":{"start":{"line":5,"column":40},"end":{"line":5,"column":41}},"loc":{"start":{"line":5,"column":46},"end":{"line":7,"column":1}},"line":5}},"branchMap":{},"s":{"0":2,"1":2,"2":2},"f":{"0":2},"b":{},"_coverageSchema":"1a1c01bbd47fc00a2c39e90264f33305004495a9","hash":"2c5c2e8c7d4b6de79fb628a0f2b5fdae974ae89f"}
,"/Users/warathep/Developer/MyProjects/JobTH_Implementation/server/auth-service/src/app/libs/hashPassword.js": {"path":"/Users/warathep/Developer/MyProjects/JobTH_Implementation/server/auth-service/src/app/libs/hashPassword.js","statementMap":{"0":{"start":{"line":3,"column":21},"end":{"line":10,"column":1}},"1":{"start":{"line":4,"column":2},"end":{"line":9,"column":3}},"2":{"start":{"line":5,"column":22},"end":{"line":5,"column":24}},"3":{"start":{"line":6,"column":4},"end":{"line":6,"column":44}},"4":{"start":{"line":8,"column":4},"end":{"line":8,"column":23}},"5":{"start":{"line":12,"column":24},"end":{"line":14,"column":1}},"6":{"start":{"line":13,"column":2},"end":{"line":13,"column":50}}},"fnMap":{"0":{"name":"(anonymous_0)","decl":{"start":{"line":3,"column":21},"end":{"line":3,"column":22}},"loc":{"start":{"line":3,"column":41},"end":{"line":10,"column":1}},"line":3},"1":{"name":"(anonymous_1)","decl":{"start":{"line":12,"column":24},"end":{"line":12,"column":25}},"loc":{"start":{"line":12,"column":60},"end":{"line":14,"column":1}},"line":12}},"branchMap":{},"s":{"0":1,"1":2,"2":2,"3":2,"4":1,"5":1,"6":2},"f":{"0":2,"1":2},"b":{},"_coverageSchema":"1a1c01bbd47fc00a2c39e90264f33305004495a9","hash":"ce6491d9c0e35fb1acb7fb46dad22dab8f37507d"}
,"/Users/warathep/Developer/MyProjects/JobTH_Implementation/server/auth-service/src/app/libs/jsonwebtoken.js": {"path":"/Users/warathep/Developer/MyProjects/JobTH_Implementation/server/auth-service/src/app/libs/jsonwebtoken.js","statementMap":{"0":{"start":{"line":5,"column":22},"end":{"line":9,"column":1}},"1":{"start":{"line":6,"column":2},"end":{"line":8,"column":5}},"2":{"start":{"line":11,"column":33},"end":{"line":13,"column":1}},"3":{"start":{"line":12,"column":2},"end":{"line":12,"column":70}},"4":{"start":{"line":15,"column":20},"end":{"line":24,"column":1}},"5":{"start":{"line":16,"column":2},"end":{"line":23,"column":5}},"6":{"start":{"line":17,"column":4},"end":{"line":22,"column":7}},"7":{"start":{"line":18,"column":6},"end":{"line":20,"column":7}},"8":{"start":{"line":19,"column":8},"end":{"line":19,"column":20}},"9":{"start":{"line":21,"column":6},"end":{"line":21,"column":23}},"10":{"start":{"line":26,"column":31},"end":{"line":35,"column":1}},"11":{"start":{"line":27,"column":2},"end":{"line":34,"column":5}},"12":{"start":{"line":28,"column":4},"end":{"line":33,"column":7}},"13":{"start":{"line":29,"column":6},"end":{"line":31,"column":7}},"14":{"start":{"line":30,"column":8},"end":{"line":30,"column":20}},"15":{"start":{"line":32,"column":6},"end":{"line":32,"column":16}}},"fnMap":{"0":{"name":"(anonymous_0)","decl":{"start":{"line":5,"column":22},"end":{"line":5,"column":23}},"loc":{"start":{"line":5,"column":48},"end":{"line":9,"column":1}},"line":5},"1":{"name":"(anonymous_1)","decl":{"start":{"line":11,"column":33},"end":{"line":11,"column":34}},"loc":{"start":{"line":11,"column":39},"end":{"line":13,"column":1}},"line":11},"2":{"name":"(anonymous_2)","decl":{"start":{"line":15,"column":20},"end":{"line":15,"column":21}},"loc":{"start":{"line":15,"column":42},"end":{"line":24,"column":1}},"line":15},"3":{"name":"(anonymous_3)","decl":{"start":{"line":16,"column":21},"end":{"line":16,"column":22}},"loc":{"start":{"line":16,"column":42},"end":{"line":23,"column":3}},"line":16},"4":{"name":"(anonymous_4)","decl":{"start":{"line":17,"column":33},"end":{"line":17,"column":34}},"loc":{"start":{"line":17,"column":51},"end":{"line":22,"column":5}},"line":17},"5":{"name":"(anonymous_5)","decl":{"start":{"line":26,"column":31},"end":{"line":26,"column":32}},"loc":{"start":{"line":26,"column":42},"end":{"line":35,"column":1}},"line":26},"6":{"name":"(anonymous_6)","decl":{"start":{"line":27,"column":21},"end":{"line":27,"column":22}},"loc":{"start":{"line":27,"column":42},"end":{"line":34,"column":3}},"line":27},"7":{"name":"(anonymous_7)","decl":{"start":{"line":28,"column":48},"end":{"line":28,"column":49}},"loc":{"start":{"line":28,"column":57},"end":{"line":33,"column":5}},"line":28}},"branchMap":{"0":{"loc":{"start":{"line":18,"column":6},"end":{"line":20,"column":7}},"type":"if","locations":[{"start":{"line":18,"column":6},"end":{"line":20,"column":7}},{"start":{},"end":{}}],"line":18},"1":{"loc":{"start":{"line":29,"column":6},"end":{"line":31,"column":7}},"type":"if","locations":[{"start":{"line":29,"column":6},"end":{"line":31,"column":7}},{"start":{},"end":{}}],"line":29}},"s":{"0":3,"1":1,"2":3,"3":2,"4":3,"5":2,"6":2,"7":2,"8":1,"9":2,"10":3,"11":2,"12":2,"13":2,"14":1,"15":2},"f":{"0":1,"1":2,"2":2,"3":2,"4":2,"5":2,"6":2,"7":2},"b":{"0":[1,1],"1":[1,1]},"_coverageSchema":"1a1c01bbd47fc00a2c39e90264f33305004495a9","hash":"5755ff6595dbe3c220687733c13409fb06fcc2ed"}
,"/Users/warathep/Developer/MyProjects/JobTH_Implementation/server/auth-service/src/app/libs/requests.js": {"path":"/Users/warathep/Developer/MyProjects/JobTH_Implementation/server/auth-service/src/app/libs/requests.js","statementMap":{"0":{"start":{"line":4,"column":0},"end":{"line":4,"column":83}},"1":{"start":{"line":6,"column":17},"end":{"line":13,"column":1}},"2":{"start":{"line":8,"column":4},"end":{"line":11,"column":7}}},"fnMap":{"0":{"name":"(anonymous_0)","decl":{"start":{"line":7,"column":2},"end":{"line":7,"column":3}},"loc":{"start":{"line":7,"column":45},"end":{"line":12,"column":3}},"line":7}},"branchMap":{"0":{"loc":{"start":{"line":7,"column":18},"end":{"line":7,"column":29}},"type":"default-arg","locations":[{"start":{"line":7,"column":27},"end":{"line":7,"column":29}}],"line":7},"1":{"loc":{"start":{"line":7,"column":31},"end":{"line":7,"column":43}},"type":"default-arg","locations":[{"start":{"line":7,"column":41},"end":{"line":7,"column":43}}],"line":7}},"s":{"0":1,"1":1,"2":1},"f":{"0":1},"b":{"0":[1],"1":[1]},"_coverageSchema":"1a1c01bbd47fc00a2c39e90264f33305004495a9","hash":"98735beb60e2de864cf3780caa27e3026e920939"}
,"/Users/warathep/Developer/MyProjects/JobTH_Implementation/server/auth-service/src/app/libs/serviceTransaction.js": {"path":"/Users/warathep/Developer/MyProjects/JobTH_Implementation/server/auth-service/src/app/libs/serviceTransaction.js","statementMap":{"0":{"start":{"line":5,"column":62},"end":{"line":22,"column":1}},"1":{"start":{"line":6,"column":20},"end":{"line":6,"column":22}},"2":{"start":{"line":7,"column":2},"end":{"line":17,"column":3}},"3":{"start":{"line":8,"column":4},"end":{"line":8,"column":96}},"4":{"start":{"line":9,"column":4},"end":{"line":9,"column":30}},"5":{"start":{"line":10,"column":4},"end":{"line":10,"column":101}},"6":{"start":{"line":11,"column":4},"end":{"line":11,"column":35}},"7":{"start":{"line":13,"column":4},"end":{"line":16,"column":6}},"8":{"start":{"line":18,"column":2},"end":{"line":21,"column":4}},"9":{"start":{"line":24,"column":60},"end":{"line":59,"column":1}},"10":{"start":{"line":25,"column":20},"end":{"line":25,"column":22}},"11":{"start":{"line":26,"column":2},"end":{"line":54,"column":3}},"12":{"start":{"line":27,"column":4},"end":{"line":31,"column":7}},"13":{"start":{"line":32,"column":4},"end":{"line":32,"column":30}},"14":{"start":{"line":33,"column":4},"end":{"line":39,"column":7}},"15":{"start":{"line":40,"column":4},"end":{"line":40,"column":27}},"16":{"start":{"line":41,"column":4},"end":{"line":47,"column":7}},"17":{"start":{"line":48,"column":4},"end":{"line":48,"column":35}},"18":{"start":{"line":50,"column":4},"end":{"line":53,"column":6}},"19":{"start":{"line":55,"column":2},"end":{"line":58,"column":4}}},"fnMap":{"0":{"name":"(anonymous_0)","decl":{"start":{"line":5,"column":62},"end":{"line":5,"column":63}},"loc":{"start":{"line":5,"column":85},"end":{"line":22,"column":1}},"line":5},"1":{"name":"(anonymous_1)","decl":{"start":{"line":24,"column":60},"end":{"line":24,"column":61}},"loc":{"start":{"line":24,"column":86},"end":{"line":59,"column":1}},"line":24}},"branchMap":{},"s":{"0":1,"1":3,"2":3,"3":3,"4":2,"5":2,"6":1,"7":2,"8":1,"9":1,"10":4,"11":4,"12":4,"13":3,"14":3,"15":2,"16":2,"17":1,"18":3,"19":1},"f":{"0":3,"1":4},"b":{},"_coverageSchema":"1a1c01bbd47fc00a2c39e90264f33305004495a9","hash":"466ae228a5fd80fbecacf46b4cf7668a39bc13b9"}
,"/Users/warathep/Developer/MyProjects/JobTH_Implementation/server/auth-service/src/app/libs/validateApiGatewayHeaders.js": {"path":"/Users/warathep/Developer/MyProjects/JobTH_Implementation/server/auth-service/src/app/libs/validateApiGatewayHeaders.js","statementMap":{"0":{"start":{"line":4,"column":34},"end":{"line":22,"column":1}},"1":{"start":{"line":5,"column":2},"end":{"line":21,"column":3}},"2":{"start":{"line":6,"column":24},"end":{"line":6,"column":49}},"3":{"start":{"line":8,"column":4},"end":{"line":12,"column":5}},"4":{"start":{"line":9,"column":6},"end":{"line":11,"column":8}},"5":{"start":{"line":13,"column":18},"end":{"line":13,"column":52}},"6":{"start":{"line":15,"column":4},"end":{"line":15,"column":59}},"7":{"start":{"line":16,"column":4},"end":{"line":16,"column":10}},"8":{"start":{"line":18,"column":4},"end":{"line":20,"column":6}}},"fnMap":{"0":{"name":"(anonymous_0)","decl":{"start":{"line":4,"column":34},"end":{"line":4,"column":35}},"loc":{"start":{"line":4,"column":60},"end":{"line":22,"column":1}},"line":4}},"branchMap":{"0":{"loc":{"start":{"line":8,"column":4},"end":{"line":12,"column":5}},"type":"if","locations":[{"start":{"line":8,"column":4},"end":{"line":12,"column":5}},{"start":{},"end":{}}],"line":8}},"s":{"0":1,"1":4,"2":4,"3":3,"4":1,"5":2,"6":2,"7":1,"8":2},"f":{"0":4},"b":{"0":[1,2]},"_coverageSchema":"1a1c01bbd47fc00a2c39e90264f33305004495a9","hash":"f82cda60ebb619e8a8b0cb57916860a1b8f5c11e"}
,"/Users/warathep/Developer/MyProjects/JobTH_Implementation/server/auth-service/src/app/models/company.js": {"path":"/Users/warathep/Developer/MyProjects/JobTH_Implementation/server/auth-service/src/app/models/company.js","statementMap":{"0":{"start":{"line":3,"column":15},"end":{"line":3,"column":50}},"1":{"start":{"line":3,"column":25},"end":{"line":3,"column":50}},"2":{"start":{"line":5,"column":16},"end":{"line":5,"column":98}},"3":{"start":{"line":5,"column":54},"end":{"line":5,"column":98}},"4":{"start":{"line":7,"column":18},"end":{"line":7,"column":72}},"5":{"start":{"line":7,"column":36},"end":{"line":7,"column":72}},"6":{"start":{"line":9,"column":18},"end":{"line":9,"column":83}},"7":{"start":{"line":9,"column":44},"end":{"line":9,"column":83}},"8":{"start":{"line":11,"column":19},"end":{"line":11,"column":85}},"9":{"start":{"line":11,"column":45},"end":{"line":11,"column":85}}},"fnMap":{"0":{"name":"(anonymous_0)","decl":{"start":{"line":3,"column":15},"end":{"line":3,"column":16}},"loc":{"start":{"line":3,"column":25},"end":{"line":3,"column":50}},"line":3},"1":{"name":"(anonymous_1)","decl":{"start":{"line":5,"column":16},"end":{"line":5,"column":17}},"loc":{"start":{"line":5,"column":54},"end":{"line":5,"column":98}},"line":5},"2":{"name":"(anonymous_2)","decl":{"start":{"line":7,"column":18},"end":{"line":7,"column":19}},"loc":{"start":{"line":7,"column":36},"end":{"line":7,"column":72}},"line":7},"3":{"name":"(anonymous_3)","decl":{"start":{"line":9,"column":18},"end":{"line":9,"column":19}},"loc":{"start":{"line":9,"column":44},"end":{"line":9,"column":83}},"line":9},"4":{"name":"(anonymous_4)","decl":{"start":{"line":11,"column":19},"end":{"line":11,"column":20}},"loc":{"start":{"line":11,"column":45},"end":{"line":11,"column":85}},"line":11}},"branchMap":{"0":{"loc":{"start":{"line":5,"column":24},"end":{"line":5,"column":35}},"type":"default-arg","locations":[{"start":{"line":5,"column":33},"end":{"line":5,"column":35}}],"line":5},"1":{"loc":{"start":{"line":5,"column":37},"end":{"line":5,"column":49}},"type":"default-arg","locations":[{"start":{"line":5,"column":47},"end":{"line":5,"column":49}}],"line":5},"2":{"loc":{"start":{"line":9,"column":27},"end":{"line":9,"column":39}},"type":"default-arg","locations":[{"start":{"line":9,"column":37},"end":{"line":9,"column":39}}],"line":9},"3":{"loc":{"start":{"line":11,"column":28},"end":{"line":11,"column":40}},"type":"default-arg","locations":[{"start":{"line":11,"column":38},"end":{"line":11,"column":40}}],"line":11}},"s":{"0":1,"1":1,"2":1,"3":1,"4":1,"5":1,"6":1,"7":1,"8":1,"9":0},"f":{"0":1,"1":1,"2":1,"3":1,"4":0},"b":{"0":[1],"1":[1],"2":[1],"3":[0]},"_coverageSchema":"1a1c01bbd47fc00a2c39e90264f33305004495a9","hash":"d09e4abcac38c8f577f46ff04d5f5a704ea09449"}
,"/Users/warathep/Developer/MyProjects/JobTH_Implementation/server/auth-service/src/app/models/jobSeeker.js": {"path":"/Users/warathep/Developer/MyProjects/JobTH_Implementation/server/auth-service/src/app/models/jobSeeker.js","statementMap":{"0":{"start":{"line":3,"column":15},"end":{"line":3,"column":52}},"1":{"start":{"line":3,"column":25},"end":{"line":3,"column":52}},"2":{"start":{"line":5,"column":16},"end":{"line":5,"column":96}},"3":{"start":{"line":5,"column":50},"end":{"line":5,"column":96}},"4":{"start":{"line":7,"column":18},"end":{"line":7,"column":74}},"5":{"start":{"line":7,"column":36},"end":{"line":7,"column":74}},"6":{"start":{"line":9,"column":18},"end":{"line":9,"column":83}},"7":{"start":{"line":9,"column":42},"end":{"line":9,"column":83}}},"fnMap":{"0":{"name":"(anonymous_0)","decl":{"start":{"line":3,"column":15},"end":{"line":3,"column":16}},"loc":{"start":{"line":3,"column":25},"end":{"line":3,"column":52}},"line":3},"1":{"name":"(anonymous_1)","decl":{"start":{"line":5,"column":16},"end":{"line":5,"column":17}},"loc":{"start":{"line":5,"column":50},"end":{"line":5,"column":96}},"line":5},"2":{"name":"(anonymous_2)","decl":{"start":{"line":7,"column":18},"end":{"line":7,"column":19}},"loc":{"start":{"line":7,"column":36},"end":{"line":7,"column":74}},"line":7},"3":{"name":"(anonymous_3)","decl":{"start":{"line":9,"column":18},"end":{"line":9,"column":19}},"loc":{"start":{"line":9,"column":42},"end":{"line":9,"column":83}},"line":9}},"branchMap":{"0":{"loc":{"start":{"line":5,"column":24},"end":{"line":5,"column":33}},"type":"default-arg","locations":[{"start":{"line":5,"column":31},"end":{"line":5,"column":33}}],"line":5},"1":{"loc":{"start":{"line":5,"column":35},"end":{"line":5,"column":45}},"type":"default-arg","locations":[{"start":{"line":5,"column":43},"end":{"line":5,"column":45}}],"line":5},"2":{"loc":{"start":{"line":9,"column":27},"end":{"line":9,"column":37}},"type":"default-arg","locations":[{"start":{"line":9,"column":35},"end":{"line":9,"column":37}}],"line":9}},"s":{"0":1,"1":1,"2":1,"3":1,"4":1,"5":1,"6":1,"7":1},"f":{"0":1,"1":1,"2":1,"3":1},"b":{"0":[1],"1":[1],"2":[1]},"_coverageSchema":"1a1c01bbd47fc00a2c39e90264f33305004495a9","hash":"a87c38ea2f05dbc1fab44d7d984287c43cf891d1"}
,"/Users/warathep/Developer/MyProjects/JobTH_Implementation/server/auth-service/src/app/models/messageQueueModel.js": {"path":"/Users/warathep/Developer/MyProjects/JobTH_Implementation/server/auth-service/src/app/models/messageQueueModel.js","statementMap":{"0":{"start":{"line":6,"column":31},"end":{"line":14,"column":1}},"1":{"start":{"line":7,"column":2},"end":{"line":13,"column":3}},"2":{"start":{"line":8,"column":4},"end":{"line":8,"column":44}},"3":{"start":{"line":9,"column":4},"end":{"line":9,"column":47}},"4":{"start":{"line":10,"column":4},"end":{"line":10,"column":43}},"5":{"start":{"line":12,"column":4},"end":{"line":12,"column":22}},"6":{"start":{"line":16,"column":23},"end":{"line":18,"column":1}},"7":{"start":{"line":17,"column":2},"end":{"line":17,"column":74}}},"fnMap":{"0":{"name":"(anonymous_0)","decl":{"start":{"line":6,"column":31},"end":{"line":6,"column":32}},"loc":{"start":{"line":6,"column":46},"end":{"line":14,"column":1}},"line":6},"1":{"name":"(anonymous_1)","decl":{"start":{"line":16,"column":23},"end":{"line":16,"column":24}},"loc":{"start":{"line":16,"column":61},"end":{"line":18,"column":1}},"line":16}},"branchMap":{},"s":{"0":1,"1":4,"2":4,"3":3,"4":2,"5":2,"6":1,"7":1},"f":{"0":4,"1":1},"b":{},"_coverageSchema":"1a1c01bbd47fc00a2c39e90264f33305004495a9","hash":"b455012329f1a8056307ca8c35a572234ae8a04e"}
,"/Users/warathep/Developer/MyProjects/JobTH_Implementation/server/auth-service/src/app/models/schemas/company.js": {"path":"/Users/warathep/Developer/MyProjects/JobTH_Implementation/server/auth-service/src/app/models/schemas/company.js","statementMap":{"0":{"start":{"line":3,"column":15},"end":{"line":45,"column":2}},"1":{"start":{"line":47,"column":21},"end":{"line":47,"column":45}}},"fnMap":{},"branchMap":{},"s":{"0":1,"1":1},"f":{},"b":{},"_coverageSchema":"1a1c01bbd47fc00a2c39e90264f33305004495a9","hash":"aa7a49351c6b06201795f5552bd4ad332efce369"}
,"/Users/warathep/Developer/MyProjects/JobTH_Implementation/server/auth-service/src/app/models/schemas/jobSeeker.js": {"path":"/Users/warathep/Developer/MyProjects/JobTH_Implementation/server/auth-service/src/app/models/schemas/jobSeeker.js","statementMap":{"0":{"start":{"line":3,"column":15},"end":{"line":31,"column":2}},"1":{"start":{"line":33,"column":23},"end":{"line":33,"column":49}}},"fnMap":{},"branchMap":{},"s":{"0":1,"1":1},"f":{},"b":{},"_coverageSchema":"1a1c01bbd47fc00a2c39e90264f33305004495a9","hash":"f2ca8d5ff412a1c4343fc4437cde76d58b44b6ea"}
,"/Users/warathep/Developer/MyProjects/JobTH_Implementation/server/auth-service/src/app/requests/index.js": {"path":"/Users/warathep/Developer/MyProjects/JobTH_Implementation/server/auth-service/src/app/requests/index.js","statementMap":{},"fnMap":{},"branchMap":{},"s":{},"f":{},"b":{},"_coverageSchema":"1a1c01bbd47fc00a2c39e90264f33305004495a9","hash":"ef1e3e7db92eee006dff9c2cfe39f94d4b65a7f0"}
,"/Users/warathep/Developer/MyProjects/JobTH_Implementation/server/auth-service/src/app/requests/login.js": {"path":"/Users/warathep/Developer/MyProjects/JobTH_Implementation/server/auth-service/src/app/requests/login.js","statementMap":{"0":{"start":{"line":3,"column":27},"end":{"line":6,"column":1}}},"fnMap":{},"branchMap":{},"s":{"0":1},"f":{},"b":{},"_coverageSchema":"1a1c01bbd47fc00a2c39e90264f33305004495a9","hash":"4ce708fc6648d369b643aebc0b0ada1cd5056842"}
,"/Users/warathep/Developer/MyProjects/JobTH_Implementation/server/auth-service/src/app/requests/password.js": {"path":"/Users/warathep/Developer/MyProjects/JobTH_Implementation/server/auth-service/src/app/requests/password.js","statementMap":{"0":{"start":{"line":3,"column":36},"end":{"line":5,"column":1}},"1":{"start":{"line":7,"column":40},"end":{"line":10,"column":1}},"2":{"start":{"line":12,"column":41},"end":{"line":15,"column":1}}},"fnMap":{},"branchMap":{},"s":{"0":1,"1":1,"2":1},"f":{},"b":{},"_coverageSchema":"1a1c01bbd47fc00a2c39e90264f33305004495a9","hash":"72dcd729242491cdadfda28d071146cfcc1c9f19"}
,"/Users/warathep/Developer/MyProjects/JobTH_Implementation/server/auth-service/src/app/requests/register.js": {"path":"/Users/warathep/Developer/MyProjects/JobTH_Implementation/server/auth-service/src/app/requests/register.js","statementMap":{"0":{"start":{"line":3,"column":36},"end":{"line":6,"column":1}},"1":{"start":{"line":8,"column":42},"end":{"line":16,"column":1}}},"fnMap":{},"branchMap":{},"s":{"0":1,"1":1},"f":{},"b":{},"_coverageSchema":"1a1c01bbd47fc00a2c39e90264f33305004495a9","hash":"e4e5dbe3c1b537079026dc8832e2f32f28287104"}
,"/Users/warathep/Developer/MyProjects/JobTH_Implementation/server/auth-service/src/app/requests/requests.js": {"path":"/Users/warathep/Developer/MyProjects/JobTH_Implementation/server/auth-service/src/app/requests/requests.js","statementMap":{"0":{"start":{"line":3,"column":32},"end":{"line":7,"column":1}},"1":{"start":{"line":3,"column":54},"end":{"line":7,"column":1}},"2":{"start":{"line":4,"column":2},"end":{"line":4,"column":86}},"3":{"start":{"line":4,"column":55},"end":{"line":4,"column":83}},"4":{"start":{"line":6,"column":2},"end":{"line":6,"column":38}},"5":{"start":{"line":9,"column":25},"end":{"line":15,"column":1}},"6":{"start":{"line":9,"column":47},"end":{"line":15,"column":1}},"7":{"start":{"line":10,"column":17},"end":{"line":10,"column":67}},"8":{"start":{"line":11,"column":2},"end":{"line":13,"column":3}},"9":{"start":{"line":12,"column":4},"end":{"line":12,"column":18}},"10":{"start":{"line":14,"column":2},"end":{"line":14,"column":41}}},"fnMap":{"0":{"name":"(anonymous_0)","decl":{"start":{"line":3,"column":32},"end":{"line":3,"column":33}},"loc":{"start":{"line":3,"column":54},"end":{"line":7,"column":1}},"line":3},"1":{"name":"(anonymous_1)","decl":{"start":{"line":3,"column":54},"end":{"line":3,"column":55}},"loc":{"start":{"line":3,"column":74},"end":{"line":7,"column":1}},"line":3},"2":{"name":"(anonymous_2)","decl":{"start":{"line":4,"column":41},"end":{"line":4,"column":42}},"loc":{"start":{"line":4,"column":55},"end":{"line":4,"column":83}},"line":4},"3":{"name":"(anonymous_3)","decl":{"start":{"line":4,"column":74},"end":{"line":4,"column":75}},"loc":{"start":{"line":4,"column":80},"end":{"line":4,"column":82}},"line":4},"4":{"name":"(anonymous_4)","decl":{"start":{"line":9,"column":25},"end":{"line":9,"column":26}},"loc":{"start":{"line":9,"column":47},"end":{"line":15,"column":1}},"line":9},"5":{"name":"(anonymous_5)","decl":{"start":{"line":9,"column":47},"end":{"line":9,"column":48}},"loc":{"start":{"line":9,"column":73},"end":{"line":15,"column":1}},"line":9}},"branchMap":{"0":{"loc":{"start":{"line":11,"column":2},"end":{"line":13,"column":3}},"type":"if","locations":[{"start":{"line":11,"column":2},"end":{"line":13,"column":3}},{"start":{},"end":{}}],"line":11}},"s":{"0":1,"1":1,"2":1,"3":1,"4":1,"5":1,"6":0,"7":0,"8":0,"9":0,"10":0},"f":{"0":1,"1":1,"2":1,"3":0,"4":0,"5":0},"b":{"0":[0,0]},"_coverageSchema":"1a1c01bbd47fc00a2c39e90264f33305004495a9","hash":"cfa023173c11323f823dc09c8a670cab8c76c973"}
,"/Users/warathep/Developer/MyProjects/JobTH_Implementation/server/auth-service/src/app/requests/verify.js": {"path":"/Users/warathep/Developer/MyProjects/JobTH_Implementation/server/auth-service/src/app/requests/verify.js","statementMap":{"0":{"start":{"line":3,"column":27},"end":{"line":3,"column":92}}},"fnMap":{},"branchMap":{},"s":{"0":1},"f":{},"b":{},"_coverageSchema":"1a1c01bbd47fc00a2c39e90264f33305004495a9","hash":"a175f866714ca8e10b912c8a7c6e306d6b50b59d"}
}
