TN:
SF:src/app/config/index.js
FNF:0
FNH:0
DA:3,1
DA:21,1
LF:2
LH:2
BRF:0
BRH:0
end_of_record
TN:
SF:src/app/controllers/auth.js
FN:23,(anonymous_0)
FN:87,(anonymous_1)
FN:162,(anonymous_2)
FN:196,(anonymous_3)
FN:230,(anonymous_4)
FN:284,(anonymous_5)
FN:344,(anonymous_6)
FN:387,(anonymous_7)
FN:430,(anonymous_8)
FN:466,(anonymous_9)
FN:502,(anonymous_10)
FN:527,(anonymous_11)
FN:552,(anonymous_12)
FNF:13
FNH:13
FNDA:6,(anonymous_0)
FNDA:7,(anonymous_1)
FNDA:4,(anonymous_2)
FNDA:4,(anonymous_3)
FNDA:7,(anonymous_4)
FNDA:8,(anonymous_5)
FNDA:4,(anonymous_6)
FNDA:4,(anonymous_7)
FNDA:4,(anonymous_8)
FNDA:4,(anonymous_9)
FNDA:3,(anonymous_10)
FNDA:3,(anonymous_11)
FNDA:1,(anonymous_12)
DA:23,1
DA:24,6
DA:25,6
DA:26,6
DA:27,6
DA:28,1
DA:33,5
DA:34,4
DA:35,4
DA:44,4
DA:45,2
DA:52,2
DA:53,2
DA:54,2
DA:60,2
DA:63,4
DA:69,4
DA:70,4
DA:72,2
DA:76,2
DA:81,1
DA:87,1
DA:88,7
DA:89,7
DA:90,7
DA:91,7
DA:92,1
DA:97,6
DA:98,6
DA:99,1
DA:104,5
DA:105,4
DA:106,4
DA:115,4
DA:116,2
DA:125,2
DA:128,4
DA:134,4
DA:135,4
DA:136,2
DA:137,1
DA:147,2
DA:151,2
DA:156,1
DA:162,1
DA:163,4
DA:164,4
DA:165,4
DA:167,3
DA:168,1
DA:173,2
DA:174,2
DA:175,1
DA:180,1
DA:184,1
DA:185,1
DA:190,1
DA:196,1
DA:197,4
DA:198,4
DA:199,4
DA:201,3
DA:202,1
DA:207,2
DA:208,2
DA:209,1
DA:214,1
DA:218,1
DA:219,1
DA:224,1
DA:230,1
DA:231,7
DA:232,7
DA:233,7
DA:235,6
DA:236,1
DA:240,5
DA:241,5
DA:242,1
DA:246,4
DA:247,4
DA:249,3
DA:250,2
DA:251,3
DA:252,2
DA:256,1
DA:257,1
DA:263,2
DA:267,1
DA:268,1
DA:269,1
DA:270,1
DA:272,1
DA:274,1
DA:278,2
DA:284,1
DA:285,8
DA:286,8
DA:287,8
DA:288,7
DA:289,1
DA:293,6
DA:294,6
DA:295,1
DA:300,5
DA:301,5
DA:302,4
DA:303,3
DA:304,6
DA:305,3
DA:309,3
DA:310,2
DA:314,1
DA:315,1
DA:321,3
DA:326,1
DA:327,1
DA:328,1
DA:329,1
DA:330,1
DA:332,1
DA:334,1
DA:338,2
DA:344,1
DA:345,4
DA:346,4
DA:347,4
DA:348,3
DA:349,1
DA:353,2
DA:354,2
DA:360,2
DA:366,2
DA:367,2
DA:369,1
DA:370,1
DA:372,1
DA:376,1
DA:381,1
DA:387,1
DA:388,4
DA:389,4
DA:390,4
DA:391,3
DA:392,1
DA:396,2
DA:397,2
DA:403,2
DA:409,2
DA:410,2
DA:412,1
DA:413,1
DA:415,1
DA:419,1
DA:424,1
DA:430,1
DA:431,4
DA:432,4
DA:433,4
DA:434,3
DA:435,1
DA:440,2
DA:444,2
DA:445,1
DA:450,1
DA:452,1
DA:453,1
DA:454,1
DA:456,1
DA:460,1
DA:466,1
DA:467,4
DA:468,4
DA:469,4
DA:470,3
DA:471,1
DA:476,2
DA:480,2
DA:481,1
DA:486,1
DA:488,1
DA:489,1
DA:490,1
DA:492,1
DA:496,1
DA:502,1
DA:503,3
DA:504,3
DA:505,3
DA:506,3
DA:507,3
DA:508,2
DA:509,1
DA:513,1
DA:514,1
DA:515,1
DA:517,1
DA:521,1
DA:527,1
DA:528,3
DA:529,3
DA:530,3
DA:531,3
DA:532,3
DA:533,2
DA:534,1
DA:538,1
DA:539,1
DA:540,1
DA:542,1
DA:546,1
DA:552,1
DA:553,1
DA:554,1
LF:214
LH:214
BRDA:27,0,0,1
BRDA:27,0,1,5
BRDA:27,1,0,6
BRDA:27,1,1,4
BRDA:44,2,0,2
BRDA:44,2,1,2
BRDA:53,3,0,2
BRDA:53,3,1,0
BRDA:91,4,0,1
BRDA:91,4,1,6
BRDA:91,5,0,7
BRDA:91,5,1,5
BRDA:98,6,0,1
BRDA:98,6,1,5
BRDA:98,7,0,6
BRDA:98,7,1,1
BRDA:115,8,0,2
BRDA:115,8,1,2
BRDA:115,9,0,4
BRDA:115,9,1,2
BRDA:136,10,0,1
BRDA:136,10,1,1
BRDA:167,11,0,1
BRDA:167,11,1,2
BRDA:174,12,0,1
BRDA:174,12,1,1
BRDA:201,13,0,1
BRDA:201,13,1,2
BRDA:208,14,0,1
BRDA:208,14,1,1
BRDA:235,15,0,1
BRDA:235,15,1,5
BRDA:241,16,0,1
BRDA:241,16,1,4
BRDA:249,17,0,2
BRDA:249,17,1,1
BRDA:251,18,0,2
BRDA:251,18,1,1
BRDA:256,19,0,1
BRDA:256,19,1,0
BRDA:288,20,0,1
BRDA:288,20,1,6
BRDA:294,21,0,1
BRDA:294,21,1,5
BRDA:302,22,0,3
BRDA:302,22,1,1
BRDA:304,23,0,3
BRDA:304,23,1,3
BRDA:309,24,0,2
BRDA:309,24,1,1
BRDA:314,25,0,1
BRDA:314,25,1,0
BRDA:348,26,0,1
BRDA:348,26,1,2
BRDA:391,27,0,1
BRDA:391,27,1,2
BRDA:434,28,0,1
BRDA:434,28,1,2
BRDA:444,29,0,1
BRDA:444,29,1,1
BRDA:470,30,0,1
BRDA:470,30,1,2
BRDA:480,31,0,1
BRDA:480,31,1,1
BRDA:508,32,0,1
BRDA:508,32,1,1
BRDA:533,33,0,1
BRDA:533,33,1,1
BRF:68
BRH:65
end_of_record
TN:
SF:src/app/libs/authorization.js
FN:3,(anonymous_0)
FN:23,(anonymous_1)
FN:44,(anonymous_2)
FNF:3
FNH:3
FNDA:3,(anonymous_0)
FNDA:2,(anonymous_1)
FNDA:2,(anonymous_2)
DA:3,1
DA:4,3
DA:5,3
DA:6,3
DA:7,1
DA:11,2
DA:15,2
DA:17,1
DA:23,1
DA:24,2
DA:25,2
DA:27,2
DA:28,1
DA:32,1
DA:36,1
DA:38,1
DA:44,1
DA:45,2
DA:46,2
DA:47,2
DA:51,2
DA:53,1
LF:22
LH:22
BRDA:6,0,0,1
BRDA:6,0,1,2
BRDA:27,1,0,1
BRDA:27,1,1,1
BRF:4
BRH:4
end_of_record
TN:
SF:src/app/libs/getServiceVerificationToken.js
FN:5,(anonymous_0)
FNF:1
FNH:1
FNDA:2,(anonymous_0)
DA:3,2
DA:5,2
DA:6,2
LF:3
LH:3
BRF:0
BRH:0
end_of_record
TN:
SF:src/app/libs/hashPassword.js
FN:3,(anonymous_0)
FN:12,(anonymous_1)
FNF:2
FNH:2
FNDA:2,(anonymous_0)
FNDA:2,(anonymous_1)
DA:3,1
DA:4,2
DA:5,2
DA:6,2
DA:8,1
DA:12,1
DA:13,2
LF:7
LH:7
BRF:0
BRH:0
end_of_record
TN:
SF:src/app/libs/jsonwebtoken.js
FN:5,(anonymous_0)
FN:11,(anonymous_1)
FN:15,(anonymous_2)
FN:16,(anonymous_3)
FN:17,(anonymous_4)
FN:26,(anonymous_5)
FN:27,(anonymous_6)
FN:28,(anonymous_7)
FNF:8
FNH:8
FNDA:1,(anonymous_0)
FNDA:2,(anonymous_1)
FNDA:2,(anonymous_2)
FNDA:2,(anonymous_3)
FNDA:2,(anonymous_4)
FNDA:2,(anonymous_5)
FNDA:2,(anonymous_6)
FNDA:2,(anonymous_7)
DA:5,3
DA:6,1
DA:11,3
DA:12,2
DA:15,3
DA:16,2
DA:17,2
DA:18,2
DA:19,1
DA:21,2
DA:26,3
DA:27,2
DA:28,2
DA:29,2
DA:30,1
DA:32,2
LF:16
LH:16
BRDA:18,0,0,1
BRDA:18,0,1,1
BRDA:29,1,0,1
BRDA:29,1,1,1
BRF:4
BRH:4
end_of_record
TN:
SF:src/app/libs/requests.js
FN:7,(anonymous_0)
FNF:1
FNH:1
FNDA:1,(anonymous_0)
DA:4,1
DA:6,1
DA:8,1
LF:3
LH:3
BRDA:7,0,0,1
BRDA:7,1,0,1
BRF:2
BRH:2
end_of_record
TN:
SF:src/app/libs/serviceTransaction.js
FN:5,(anonymous_0)
FN:24,(anonymous_1)
FNF:2
FNH:2
FNDA:3,(anonymous_0)
FNDA:4,(anonymous_1)
DA:5,1
DA:6,3
DA:7,3
DA:8,3
DA:9,2
DA:10,2
DA:11,1
DA:13,2
DA:18,1
DA:24,1
DA:25,4
DA:26,4
DA:27,4
DA:32,3
DA:33,3
DA:40,2
DA:41,2
DA:48,1
DA:50,3
DA:55,1
LF:20
LH:20
BRF:0
BRH:0
end_of_record
TN:
SF:src/app/libs/validateApiGatewayHeaders.js
FN:4,(anonymous_0)
FNF:1
FNH:1
FNDA:4,(anonymous_0)
DA:4,1
DA:5,4
DA:6,4
DA:8,3
DA:9,1
DA:13,2
DA:15,2
DA:16,1
DA:18,2
LF:9
LH:9
BRDA:8,0,0,1
BRDA:8,0,1,2
BRF:2
BRH:2
end_of_record
TN:
SF:src/app/models/company.js
FN:3,(anonymous_0)
FN:5,(anonymous_1)
FN:7,(anonymous_2)
FN:9,(anonymous_3)
FN:11,(anonymous_4)
FNF:5
FNH:4
FNDA:1,(anonymous_0)
FNDA:1,(anonymous_1)
FNDA:1,(anonymous_2)
FNDA:1,(anonymous_3)
FNDA:0,(anonymous_4)
DA:3,1
DA:5,1
DA:7,1
DA:9,1
DA:11,1
LF:5
LH:5
BRDA:5,0,0,1
BRDA:5,1,0,1
BRDA:9,2,0,1
BRDA:11,3,0,0
BRF:4
BRH:3
end_of_record
TN:
SF:src/app/models/jobSeeker.js
FN:3,(anonymous_0)
FN:5,(anonymous_1)
FN:7,(anonymous_2)
FN:9,(anonymous_3)
FNF:4
FNH:4
FNDA:1,(anonymous_0)
FNDA:1,(anonymous_1)
FNDA:1,(anonymous_2)
FNDA:1,(anonymous_3)
DA:3,1
DA:5,1
DA:7,1
DA:9,1
LF:4
LH:4
BRDA:5,0,0,1
BRDA:5,1,0,1
BRDA:9,2,0,1
BRF:3
BRH:3
end_of_record
TN:
SF:src/app/models/messageQueueModel.js
FN:6,(anonymous_0)
FN:16,(anonymous_1)
FNF:2
FNH:2
FNDA:4,(anonymous_0)
FNDA:1,(anonymous_1)
DA:6,1
DA:7,4
DA:8,4
DA:9,3
DA:10,2
DA:12,2
DA:16,1
DA:17,1
LF:8
LH:8
BRF:0
BRH:0
end_of_record
TN:
SF:src/app/models/schemas/company.js
FNF:0
FNH:0
DA:3,1
DA:47,1
LF:2
LH:2
BRF:0
BRH:0
end_of_record
TN:
SF:src/app/models/schemas/jobSeeker.js
FNF:0
FNH:0
DA:3,1
DA:33,1
LF:2
LH:2
BRF:0
BRH:0
end_of_record
TN:
SF:src/app/requests/index.js
FNF:0
FNH:0
LF:0
LH:0
BRF:0
BRH:0
end_of_record
TN:
SF:src/app/requests/login.js
FNF:0
FNH:0
DA:3,1
LF:1
LH:1
BRF:0
BRH:0
end_of_record
TN:
SF:src/app/requests/password.js
FNF:0
FNH:0
DA:3,1
DA:7,1
DA:12,1
LF:3
LH:3
BRF:0
BRH:0
end_of_record
TN:
SF:src/app/requests/register.js
FNF:0
FNH:0
DA:3,1
DA:8,1
LF:2
LH:2
BRF:0
BRH:0
end_of_record
TN:
SF:src/app/requests/requests.js
FN:3,(anonymous_0)
FN:3,(anonymous_1)
FN:4,(anonymous_2)
FN:4,(anonymous_3)
FN:9,(anonymous_4)
FN:9,(anonymous_5)
FNF:6
FNH:3
FNDA:1,(anonymous_0)
FNDA:1,(anonymous_1)
FNDA:1,(anonymous_2)
FNDA:0,(anonymous_3)
FNDA:0,(anonymous_4)
FNDA:0,(anonymous_5)
DA:3,1
DA:4,1
DA:6,1
DA:9,1
DA:10,0
DA:11,0
DA:12,0
DA:14,0
LF:8
LH:4
BRDA:11,0,0,0
BRDA:11,0,1,0
BRF:2
BRH:0
end_of_record
TN:
SF:src/app/requests/verify.js
FNF:0
FNH:0
DA:3,1
LF:1
LH:1
BRF:0
BRH:0
end_of_record
